<?xml version="1.0" encoding="UTF-8"?>
<!-- Generated by org.testng.reporters.JUnitReportReporter -->
<testsuite skipped="0" hostname="chinmaya-PC" name="com.healthCareDomain.practo.testCases.UnitDriverTestTest" tests="2" failures="0" timestamp="08 Sep 2018 11:02:24 GMT" time="0.041" errors="0">
  <testcase name="f1" time="0.003" classname="com.healthCareDomain.practo.testCases.UnitDriverTestTest"/>
  <testcase name="f2" time="0.038" classname="com.healthCareDomain.practo.testCases.UnitDriverTestTest"/>
</testsuite> <!-- com.healthCareDomain.practo.testCases.UnitDriverTestTest -->
