<?xml version="1.0" encoding="UTF-8"?>
<!-- Generated by org.testng.reporters.JUnitReportReporter -->
<testsuite skipped="0" hostname="chinmaya-PC" name="com.healthCareDomain.practo.testCases.NewTest1" tests="2" failures="0" timestamp="04 Sep 2018 18:13:34 GMT" time="35.821" errors="0">
  <testcase name="f" time="16.995" classname="com.healthCareDomain.practo.testCases.NewTest1"/>
  <testcase name="f1" time="18.826" classname="com.healthCareDomain.practo.testCases.NewTest1"/>
</testsuite> <!-- com.healthCareDomain.practo.testCases.NewTest1 -->
